<?xml version="1.0" encoding="UTF-8"?>
<!-- Generated by org.testng.reporters.JUnitXMLReporter -->
<testsuite ignored="0" hostname="LAPTOP-HO0UVJN8" failures="0" tests="11" name="Test" time="19.887" errors="0" timestamp="2025-03-12T17:44:22 CET">
  <testcase classname="testCases.TC001_VerifyCheckoutFlow" name="verifyCompleteCheckoutFlow" time="1.459"/>
  <testcase classname="testCases.TC002_VerifySortedProducts" name="sortProductsbyZtoA" time="0.749"/>
  <testcase classname="testCases.TC003_VerifyLoginFunctionality" name="verify_LoginCredentials" time="0.783"/>
  <testcase classname="testCases.TC003_VerifyLoginFunctionality" name="verify_LoginCredentials" time="0.363"/>
  <testcase classname="testCases.TC003_VerifyLoginFunctionality" name="verify_LoginCredentials" time="0.374"/>
  <testcase classname="testCases.TC003_VerifyLoginFunctionality" name="verify_LoginCredentials" time="0.627"/>
  <testcase classname="testCases.TC003_VerifyLoginFunctionality" name="verify_LoginCredentials" time="0.253"/>
  <testcase classname="testCases.TC003_VerifyLoginFunctionality" name="verify_LoginCredentials" time="0.289"/>
  <testcase classname="testCases.TC003_VerifyLoginFunctionality" name="verify_LoginCredentials" time="5.677"/>
  <testcase classname="testCases.TC003_VerifyLoginFunctionality" name="verify_LoginCredentials" time="0.435"/>
  <testcase classname="testCases.TC003_VerifyLoginFunctionality" name="verify_LoginCredentials" time="0.752"/>
</testsuite> <!-- Test -->
