<?xml version="1.0" encoding="UTF-8"?>
<testng-results ignored="0" total="11" passed="11" failed="0" skipped="0">
  <reporter-output>
  </reporter-output>
  <suite started-at="2025-03-12T17:44:00 CET" name="Master Suite" finished-at="2025-03-12T17:44:20 CET" duration-ms="19887">
    <groups>
      <group name="Master">
        <method signature="TC001_VerifyCheckoutFlow.verifyCompleteCheckoutFlow()[pri:0, instance:testCases.TC001_VerifyCheckoutFlow@5f59185e]" name="verifyCompleteCheckoutFlow" class="testCases.TC001_VerifyCheckoutFlow"/>
        <method signature="TC002_VerifySortedProducts.sortProductsbyZtoA()[pri:0, instance:testCases.TC002_VerifySortedProducts@5fd62371]" name="sortProductsbyZtoA" class="testCases.TC002_VerifySortedProducts"/>
        <method signature="TC003_VerifyLoginFunctionality.verify_LoginCredentials(java.lang.String,java.lang.String,java.lang.String,java.lang.String)[pri:0, instance:testCases.TC003_VerifyLoginFunctionality@28a0fd6c]" name="verify_LoginCredentials" class="testCases.TC003_VerifyLoginFunctionality"/>
      </group> <!-- Master -->
      <group name="Sanity">
        <method signature="TC002_VerifySortedProducts.sortProductsbyZtoA()[pri:0, instance:testCases.TC002_VerifySortedProducts@5fd62371]" name="sortProductsbyZtoA" class="testCases.TC002_VerifySortedProducts"/>
      </group> <!-- Sanity -->
      <group name="End to end">
        <method signature="TC001_VerifyCheckoutFlow.verifyCompleteCheckoutFlow()[pri:0, instance:testCases.TC001_VerifyCheckoutFlow@5f59185e]" name="verifyCompleteCheckoutFlow" class="testCases.TC001_VerifyCheckoutFlow"/>
      </group> <!-- End to end -->
      <group name="DataDriven">
        <method signature="TC003_VerifyLoginFunctionality.verify_LoginCredentials(java.lang.String,java.lang.String,java.lang.String,java.lang.String)[pri:0, instance:testCases.TC003_VerifyLoginFunctionality@28a0fd6c]" name="verify_LoginCredentials" class="testCases.TC003_VerifyLoginFunctionality"/>
      </group> <!-- DataDriven -->
    </groups>
    <test started-at="2025-03-12T17:44:00 CET" name="Test" finished-at="2025-03-12T17:44:20 CET" duration-ms="19887">
      <class name="testCases.TC002_VerifySortedProducts">
        <test-method is-config="true" signature="setUp(java.lang.String,java.lang.String)[pri:0, instance:testCases.TC002_VerifySortedProducts@5fd62371]" started-at="2025-03-12T17:44:04 CET" name="setUp" finished-at="2025-03-12T17:44:06 CET" duration-ms="1833" status="PASS">
          <params>
            <param index="0">
              <value>
                <![CDATA[windows]]>
              </value>
            </param>
            <param index="1">
              <value>
                <![CDATA[chrome]]>
              </value>
            </param>
          </params>
          <reporter-output>
          </reporter-output>
        </test-method> <!-- setUp -->
        <test-method signature="sortProductsbyZtoA()[pri:0, instance:testCases.TC002_VerifySortedProducts@5fd62371]" started-at="2025-03-12T17:44:06 CET" name="sortProductsbyZtoA" finished-at="2025-03-12T17:44:07 CET" duration-ms="749" status="PASS">
          <reporter-output>
          </reporter-output>
        </test-method> <!-- sortProductsbyZtoA -->
        <test-method is-config="true" signature="tearDown()[pri:0, instance:testCases.TC002_VerifySortedProducts@5fd62371]" started-at="2025-03-12T17:44:07 CET" name="tearDown" finished-at="2025-03-12T17:44:07 CET" duration-ms="228" status="PASS">
          <reporter-output>
          </reporter-output>
        </test-method> <!-- tearDown -->
      </class> <!-- testCases.TC002_VerifySortedProducts -->
      <class name="testCases.TC001_VerifyCheckoutFlow">
        <test-method is-config="true" signature="setUp(java.lang.String,java.lang.String)[pri:0, instance:testCases.TC001_VerifyCheckoutFlow@5f59185e]" started-at="2025-03-12T17:44:00 CET" name="setUp" finished-at="2025-03-12T17:44:02 CET" duration-ms="2168" status="PASS">
          <params>
            <param index="0">
              <value>
                <![CDATA[windows]]>
              </value>
            </param>
            <param index="1">
              <value>
                <![CDATA[chrome]]>
              </value>
            </param>
          </params>
          <reporter-output>
          </reporter-output>
        </test-method> <!-- setUp -->
        <test-method signature="verifyCompleteCheckoutFlow()[pri:0, instance:testCases.TC001_VerifyCheckoutFlow@5f59185e]" started-at="2025-03-12T17:44:03 CET" name="verifyCompleteCheckoutFlow" finished-at="2025-03-12T17:44:04 CET" duration-ms="1459" status="PASS">
          <reporter-output>
          </reporter-output>
        </test-method> <!-- verifyCompleteCheckoutFlow -->
        <test-method is-config="true" signature="tearDown()[pri:0, instance:testCases.TC001_VerifyCheckoutFlow@5f59185e]" started-at="2025-03-12T17:44:04 CET" name="tearDown" finished-at="2025-03-12T17:44:04 CET" duration-ms="261" status="PASS">
          <reporter-output>
          </reporter-output>
        </test-method> <!-- tearDown -->
      </class> <!-- testCases.TC001_VerifyCheckoutFlow -->
      <class name="testCases.TC003_VerifyLoginFunctionality">
        <test-method is-config="true" signature="setUp(java.lang.String,java.lang.String)[pri:0, instance:testCases.TC003_VerifyLoginFunctionality@28a0fd6c]" started-at="2025-03-12T17:44:07 CET" name="setUp" finished-at="2025-03-12T17:44:09 CET" duration-ms="1862" status="PASS">
          <params>
            <param index="0">
              <value>
                <![CDATA[windows]]>
              </value>
            </param>
            <param index="1">
              <value>
                <![CDATA[chrome]]>
              </value>
            </param>
          </params>
          <reporter-output>
          </reporter-output>
        </test-method> <!-- setUp -->
        <test-method signature="verify_LoginCredentials(java.lang.String,java.lang.String,java.lang.String,java.lang.String)[pri:0, instance:testCases.TC003_VerifyLoginFunctionality@28a0fd6c]" started-at="2025-03-12T17:44:10 CET" name="verify_LoginCredentials" data-provider="Logindata" finished-at="2025-03-12T17:44:11 CET" duration-ms="783" status="PASS">
          <params>
            <param index="0">
              <value>
                <![CDATA[Valid]]>
              </value>
            </param>
            <param index="1">
              <value>
                <![CDATA[standard_user]]>
              </value>
            </param>
            <param index="2">
              <value>
                <![CDATA[secret_sauce]]>
              </value>
            </param>
            <param index="3">
              <value>
                <![CDATA[https://www.saucedemo.com/inventory.html]]>
              </value>
            </param>
          </params>
          <reporter-output>
          </reporter-output>
        </test-method> <!-- verify_LoginCredentials -->
        <test-method signature="verify_LoginCredentials(java.lang.String,java.lang.String,java.lang.String,java.lang.String)[pri:0, instance:testCases.TC003_VerifyLoginFunctionality@28a0fd6c]" started-at="2025-03-12T17:44:11 CET" name="verify_LoginCredentials" data-provider="Logindata" finished-at="2025-03-12T17:44:11 CET" duration-ms="363" status="PASS">
          <params>
            <param index="0">
              <value>
                <![CDATA[Invalid]]>
              </value>
            </param>
            <param index="1">
              <value>
                <![CDATA[locked_out_user]]>
              </value>
            </param>
            <param index="2">
              <value>
                <![CDATA[secret_sauce]]>
              </value>
            </param>
            <param index="3">
              <value>
                <![CDATA[Epic sadface: Sorry, this user has been locked out.]]>
              </value>
            </param>
          </params>
          <reporter-output>
          </reporter-output>
        </test-method> <!-- verify_LoginCredentials -->
        <test-method signature="verify_LoginCredentials(java.lang.String,java.lang.String,java.lang.String,java.lang.String)[pri:0, instance:testCases.TC003_VerifyLoginFunctionality@28a0fd6c]" started-at="2025-03-12T17:44:11 CET" name="verify_LoginCredentials" data-provider="Logindata" finished-at="2025-03-12T17:44:12 CET" duration-ms="374" status="PASS">
          <params>
            <param index="0">
              <value>
                <![CDATA[InvalidUsername]]>
              </value>
            </param>
            <param index="1">
              <value>
                <![CDATA[demo123]]>
              </value>
            </param>
            <param index="2">
              <value>
                <![CDATA[secret_sauce]]>
              </value>
            </param>
            <param index="3">
              <value>
                <![CDATA[Epic sadface: Username and password do not match any user in this service]]>
              </value>
            </param>
          </params>
          <reporter-output>
          </reporter-output>
        </test-method> <!-- verify_LoginCredentials -->
        <test-method signature="verify_LoginCredentials(java.lang.String,java.lang.String,java.lang.String,java.lang.String)[pri:0, instance:testCases.TC003_VerifyLoginFunctionality@28a0fd6c]" started-at="2025-03-12T17:44:12 CET" name="verify_LoginCredentials" data-provider="Logindata" finished-at="2025-03-12T17:44:12 CET" duration-ms="627" status="PASS">
          <params>
            <param index="0">
              <value>
                <![CDATA[Valid]]>
              </value>
            </param>
            <param index="1">
              <value>
                <![CDATA[problem_user]]>
              </value>
            </param>
            <param index="2">
              <value>
                <![CDATA[secret_sauce]]>
              </value>
            </param>
            <param index="3">
              <value>
                <![CDATA[https://www.saucedemo.com/inventory.html]]>
              </value>
            </param>
          </params>
          <reporter-output>
          </reporter-output>
        </test-method> <!-- verify_LoginCredentials -->
        <test-method signature="verify_LoginCredentials(java.lang.String,java.lang.String,java.lang.String,java.lang.String)[pri:0, instance:testCases.TC003_VerifyLoginFunctionality@28a0fd6c]" started-at="2025-03-12T17:44:12 CET" name="verify_LoginCredentials" data-provider="Logindata" finished-at="2025-03-12T17:44:13 CET" duration-ms="253" status="PASS">
          <params>
            <param index="0">
              <value>
                <![CDATA[BlankUsername]]>
              </value>
            </param>
            <param index="1">
              <value>
                <![CDATA[]]>
              </value>
            </param>
            <param index="2">
              <value>
                <![CDATA[secret_sauce]]>
              </value>
            </param>
            <param index="3">
              <value>
                <![CDATA[Epic sadface: Username is required]]>
              </value>
            </param>
          </params>
          <reporter-output>
          </reporter-output>
        </test-method> <!-- verify_LoginCredentials -->
        <test-method signature="verify_LoginCredentials(java.lang.String,java.lang.String,java.lang.String,java.lang.String)[pri:0, instance:testCases.TC003_VerifyLoginFunctionality@28a0fd6c]" started-at="2025-03-12T17:44:13 CET" name="verify_LoginCredentials" data-provider="Logindata" finished-at="2025-03-12T17:44:13 CET" duration-ms="289" status="PASS">
          <params>
            <param index="0">
              <value>
                <![CDATA[InvalidPassword]]>
              </value>
            </param>
            <param index="1">
              <value>
                <![CDATA[standard_user]]>
              </value>
            </param>
            <param index="2">
              <value>
                <![CDATA[demopass]]>
              </value>
            </param>
            <param index="3">
              <value>
                <![CDATA[Epic sadface: Username and password do not match any user in this service]]>
              </value>
            </param>
          </params>
          <reporter-output>
          </reporter-output>
        </test-method> <!-- verify_LoginCredentials -->
        <test-method signature="verify_LoginCredentials(java.lang.String,java.lang.String,java.lang.String,java.lang.String)[pri:0, instance:testCases.TC003_VerifyLoginFunctionality@28a0fd6c]" started-at="2025-03-12T17:44:13 CET" name="verify_LoginCredentials" data-provider="Logindata" finished-at="2025-03-12T17:44:19 CET" duration-ms="5677" status="PASS">
          <params>
            <param index="0">
              <value>
                <![CDATA[Valid]]>
              </value>
            </param>
            <param index="1">
              <value>
                <![CDATA[performance_glitch_user]]>
              </value>
            </param>
            <param index="2">
              <value>
                <![CDATA[secret_sauce]]>
              </value>
            </param>
            <param index="3">
              <value>
                <![CDATA[https://www.saucedemo.com/inventory.html]]>
              </value>
            </param>
          </params>
          <reporter-output>
          </reporter-output>
        </test-method> <!-- verify_LoginCredentials -->
        <test-method signature="verify_LoginCredentials(java.lang.String,java.lang.String,java.lang.String,java.lang.String)[pri:0, instance:testCases.TC003_VerifyLoginFunctionality@28a0fd6c]" started-at="2025-03-12T17:44:19 CET" name="verify_LoginCredentials" data-provider="Logindata" finished-at="2025-03-12T17:44:19 CET" duration-ms="435" status="PASS">
          <params>
            <param index="0">
              <value>
                <![CDATA[BlankPassword]]>
              </value>
            </param>
            <param index="1">
              <value>
                <![CDATA[visual_user]]>
              </value>
            </param>
            <param index="2">
              <value>
                <![CDATA[]]>
              </value>
            </param>
            <param index="3">
              <value>
                <![CDATA[Epic sadface: Password is required]]>
              </value>
            </param>
          </params>
          <reporter-output>
          </reporter-output>
        </test-method> <!-- verify_LoginCredentials -->
        <test-method signature="verify_LoginCredentials(java.lang.String,java.lang.String,java.lang.String,java.lang.String)[pri:0, instance:testCases.TC003_VerifyLoginFunctionality@28a0fd6c]" started-at="2025-03-12T17:44:19 CET" name="verify_LoginCredentials" data-provider="Logindata" finished-at="2025-03-12T17:44:20 CET" duration-ms="752" status="PASS">
          <params>
            <param index="0">
              <value>
                <![CDATA[Valid]]>
              </value>
            </param>
            <param index="1">
              <value>
                <![CDATA[error_user]]>
              </value>
            </param>
            <param index="2">
              <value>
                <![CDATA[secret_sauce]]>
              </value>
            </param>
            <param index="3">
              <value>
                <![CDATA[https://www.saucedemo.com/inventory.html]]>
              </value>
            </param>
          </params>
          <reporter-output>
          </reporter-output>
        </test-method> <!-- verify_LoginCredentials -->
        <test-method is-config="true" signature="tearDown()[pri:0, instance:testCases.TC003_VerifyLoginFunctionality@28a0fd6c]" started-at="2025-03-12T17:44:20 CET" name="tearDown" finished-at="2025-03-12T17:44:20 CET" duration-ms="310" status="PASS">
          <reporter-output>
          </reporter-output>
        </test-method> <!-- tearDown -->
      </class> <!-- testCases.TC003_VerifyLoginFunctionality -->
    </test> <!-- Test -->
  </suite> <!-- Master Suite -->
</testng-results>
