<?xml version="1.0" encoding="UTF-8"?>
<!-- Generated by org.testng.reporters.JUnitXMLReporter -->
<testsuite ignored="0" hostname="LAPTOP-HO0UVJN8" failures="1" tests="11" name="EdgeTest" time="201.7" errors="0" timestamp="2025-03-12T14:41:11 CET">
  <testcase classname="testCases.TC001_VerifyCheckoutFlow" name="verifyCompleteCheckoutFlow" time="180.024">
    <failure type="java.lang.AssertionError" message="null">
      <![CDATA[java.lang.AssertionError: null
at testCases.TC001_VerifyCheckoutFlow.verifyCompleteCheckoutFlow(TC001_VerifyCheckoutFlow.java:84)
at java.base/java.util.ArrayList.forEach(ArrayList.java:1511)
at java.base/java.util.concurrent.FutureTask.run(FutureTask.java:264)
at java.base/java.util.concurrent.ThreadPoolExecutor.runWorker(ThreadPoolExecutor.java:1136)
at java.base/java.util.concurrent.ThreadPoolExecutor$Worker.run(ThreadPoolExecutor.java:635)
at java.base/java.lang.Thread.run(Thread.java:840)
... Removed 19 stack frames]]>
    </failure>
  </testcase> <!-- verifyCompleteCheckoutFlow -->
  <testcase classname="testCases.TC002_VerifySortedProducts" name="sortProductsbyZtoA" time="0.661"/>
  <testcase classname="testCases.TC003_VerifyLoginFunctionality" name="verify_LoginCredentials" time="0.649"/>
  <testcase classname="testCases.TC003_VerifyLoginFunctionality" name="verify_LoginCredentials" time="0.34"/>
  <testcase classname="testCases.TC003_VerifyLoginFunctionality" name="verify_LoginCredentials" time="0.328"/>
  <testcase classname="testCases.TC003_VerifyLoginFunctionality" name="verify_LoginCredentials" time="0.711"/>
  <testcase classname="testCases.TC003_VerifyLoginFunctionality" name="verify_LoginCredentials" time="0.261"/>
  <testcase classname="testCases.TC003_VerifyLoginFunctionality" name="verify_LoginCredentials" time="0.424"/>
  <testcase classname="testCases.TC003_VerifyLoginFunctionality" name="verify_LoginCredentials" time="5.598"/>
  <testcase classname="testCases.TC003_VerifyLoginFunctionality" name="verify_LoginCredentials" time="0.288"/>
  <testcase classname="testCases.TC003_VerifyLoginFunctionality" name="verify_LoginCredentials" time="0.674"/>
</testsuite> <!-- EdgeTest -->
