<?xml version="1.0" encoding="UTF-8"?>
<testng-results ignored="0" total="11" passed="10" failed="1" skipped="0">
  <reporter-output>
  </reporter-output>
  <suite started-at="2025-03-12T13:46:19 CET" name="Suite" finished-at="2025-03-12T13:46:42 CET" duration-ms="22563">
    <groups>
    </groups>
    <test started-at="2025-03-12T13:46:19 CET" name="Test" finished-at="2025-03-12T13:46:42 CET" duration-ms="22563">
      <class name="testCases.TC002_VerifySortedProducts">
        <test-method is-config="true" signature="setUp(java.lang.String,java.lang.String)[pri:0, instance:testCases.TC002_VerifySortedProducts@35fe2125]" started-at="2025-03-12T13:46:24 CET" name="setUp" finished-at="2025-03-12T13:46:26 CET" duration-ms="1877" status="PASS">
          <params>
            <param index="0">
              <value>
                <![CDATA[windows]]>
              </value>
            </param>
            <param index="1">
              <value>
                <![CDATA[chrome]]>
              </value>
            </param>
          </params>
          <reporter-output>
          </reporter-output>
        </test-method> <!-- setUp -->
        <test-method signature="sortProductsbyZtoA()[pri:0, instance:testCases.TC002_VerifySortedProducts@35fe2125]" started-at="2025-03-12T13:46:26 CET" name="sortProductsbyZtoA" finished-at="2025-03-12T13:46:27 CET" duration-ms="812" status="PASS">
          <reporter-output>
          </reporter-output>
        </test-method> <!-- sortProductsbyZtoA -->
        <test-method is-config="true" signature="tearDown()[pri:0, instance:testCases.TC002_VerifySortedProducts@35fe2125]" started-at="2025-03-12T13:46:27 CET" name="tearDown" finished-at="2025-03-12T13:46:27 CET" duration-ms="228" status="PASS">
          <reporter-output>
          </reporter-output>
        </test-method> <!-- tearDown -->
      </class> <!-- testCases.TC002_VerifySortedProducts -->
      <class name="testCases.TC001_VerifyCheckoutFlow">
        <test-method is-config="true" signature="setUp(java.lang.String,java.lang.String)[pri:0, instance:testCases.TC001_VerifyCheckoutFlow@2552f2cb]" started-at="2025-03-12T13:46:19 CET" name="setUp" finished-at="2025-03-12T13:46:22 CET" duration-ms="2471" status="PASS">
          <params>
            <param index="0">
              <value>
                <![CDATA[windows]]>
              </value>
            </param>
            <param index="1">
              <value>
                <![CDATA[chrome]]>
              </value>
            </param>
          </params>
          <reporter-output>
          </reporter-output>
        </test-method> <!-- setUp -->
        <test-method signature="verifyCompleteCheckoutFlow()[pri:0, instance:testCases.TC001_VerifyCheckoutFlow@2552f2cb]" started-at="2025-03-12T13:46:22 CET" name="verifyCompleteCheckoutFlow" finished-at="2025-03-12T13:46:24 CET" duration-ms="1835" status="PASS">
          <reporter-output>
          </reporter-output>
        </test-method> <!-- verifyCompleteCheckoutFlow -->
        <test-method is-config="true" signature="tearDown()[pri:0, instance:testCases.TC001_VerifyCheckoutFlow@2552f2cb]" started-at="2025-03-12T13:46:24 CET" name="tearDown" finished-at="2025-03-12T13:46:24 CET" duration-ms="226" status="PASS">
          <reporter-output>
          </reporter-output>
        </test-method> <!-- tearDown -->
      </class> <!-- testCases.TC001_VerifyCheckoutFlow -->
      <class name="testCases.TC003_VerifyLoginFunctionality">
        <test-method is-config="true" signature="setUp(java.lang.String,java.lang.String)[pri:0, instance:testCases.TC003_VerifyLoginFunctionality@94f6bfb]" started-at="2025-03-12T13:46:27 CET" name="setUp" finished-at="2025-03-12T13:46:29 CET" duration-ms="1848" status="PASS">
          <params>
            <param index="0">
              <value>
                <![CDATA[windows]]>
              </value>
            </param>
            <param index="1">
              <value>
                <![CDATA[chrome]]>
              </value>
            </param>
          </params>
          <reporter-output>
          </reporter-output>
        </test-method> <!-- setUp -->
        <test-method signature="verify_LoginCredentials(java.lang.String,java.lang.String,java.lang.String,java.lang.String)[pri:0, instance:testCases.TC003_VerifyLoginFunctionality@94f6bfb]" started-at="2025-03-12T13:46:30 CET" name="verify_LoginCredentials" data-provider="Logindata" finished-at="2025-03-12T13:46:31 CET" duration-ms="764" status="PASS">
          <params>
            <param index="0">
              <value>
                <![CDATA[Valid]]>
              </value>
            </param>
            <param index="1">
              <value>
                <![CDATA[standard_user]]>
              </value>
            </param>
            <param index="2">
              <value>
                <![CDATA[secret_sauce]]>
              </value>
            </param>
            <param index="3">
              <value>
                <![CDATA[https://www.saucedemo.com/inventory.html]]>
              </value>
            </param>
          </params>
          <reporter-output>
          </reporter-output>
        </test-method> <!-- verify_LoginCredentials -->
        <test-method signature="verify_LoginCredentials(java.lang.String,java.lang.String,java.lang.String,java.lang.String)[pri:0, instance:testCases.TC003_VerifyLoginFunctionality@94f6bfb]" started-at="2025-03-12T13:46:31 CET" name="verify_LoginCredentials" data-provider="Logindata" finished-at="2025-03-12T13:46:31 CET" duration-ms="425" status="PASS">
          <params>
            <param index="0">
              <value>
                <![CDATA[Invalid]]>
              </value>
            </param>
            <param index="1">
              <value>
                <![CDATA[locked_out_user]]>
              </value>
            </param>
            <param index="2">
              <value>
                <![CDATA[secret_sauce]]>
              </value>
            </param>
            <param index="3">
              <value>
                <![CDATA[Epic sadface: Sorry, this user has been locked out.]]>
              </value>
            </param>
          </params>
          <reporter-output>
          </reporter-output>
        </test-method> <!-- verify_LoginCredentials -->
        <test-method signature="verify_LoginCredentials(java.lang.String,java.lang.String,java.lang.String,java.lang.String)[pri:0, instance:testCases.TC003_VerifyLoginFunctionality@94f6bfb]" started-at="2025-03-12T13:46:31 CET" name="verify_LoginCredentials" data-provider="Logindata" finished-at="2025-03-12T13:46:32 CET" duration-ms="357" status="PASS">
          <params>
            <param index="0">
              <value>
                <![CDATA[InvalidUsername]]>
              </value>
            </param>
            <param index="1">
              <value>
                <![CDATA[demo123]]>
              </value>
            </param>
            <param index="2">
              <value>
                <![CDATA[secret_sauce]]>
              </value>
            </param>
            <param index="3">
              <value>
                <![CDATA[Epic sadface: Username and password do not match any user in this service]]>
              </value>
            </param>
          </params>
          <reporter-output>
          </reporter-output>
        </test-method> <!-- verify_LoginCredentials -->
        <test-method signature="verify_LoginCredentials(java.lang.String,java.lang.String,java.lang.String,java.lang.String)[pri:0, instance:testCases.TC003_VerifyLoginFunctionality@94f6bfb]" started-at="2025-03-12T13:46:32 CET" name="verify_LoginCredentials" data-provider="Logindata" finished-at="2025-03-12T13:46:32 CET" duration-ms="590" status="PASS">
          <params>
            <param index="0">
              <value>
                <![CDATA[Valid]]>
              </value>
            </param>
            <param index="1">
              <value>
                <![CDATA[problem_user]]>
              </value>
            </param>
            <param index="2">
              <value>
                <![CDATA[secret_sauce]]>
              </value>
            </param>
            <param index="3">
              <value>
                <![CDATA[https://www.saucedemo.com/inventory.html]]>
              </value>
            </param>
          </params>
          <reporter-output>
          </reporter-output>
        </test-method> <!-- verify_LoginCredentials -->
        <test-method signature="verify_LoginCredentials(java.lang.String,java.lang.String,java.lang.String,java.lang.String)[pri:0, instance:testCases.TC003_VerifyLoginFunctionality@94f6bfb]" started-at="2025-03-12T13:46:32 CET" name="verify_LoginCredentials" data-provider="Logindata" finished-at="2025-03-12T13:46:32 CET" duration-ms="337" status="PASS">
          <params>
            <param index="0">
              <value>
                <![CDATA[BlankUsername]]>
              </value>
            </param>
            <param index="1">
              <value>
                <![CDATA[]]>
              </value>
            </param>
            <param index="2">
              <value>
                <![CDATA[secret_sauce]]>
              </value>
            </param>
            <param index="3">
              <value>
                <![CDATA[Epic sadface: Username is required]]>
              </value>
            </param>
          </params>
          <reporter-output>
          </reporter-output>
        </test-method> <!-- verify_LoginCredentials -->
        <test-method signature="verify_LoginCredentials(java.lang.String,java.lang.String,java.lang.String,java.lang.String)[pri:0, instance:testCases.TC003_VerifyLoginFunctionality@94f6bfb]" started-at="2025-03-12T13:46:32 CET" name="verify_LoginCredentials" data-provider="Logindata" finished-at="2025-03-12T13:46:33 CET" duration-ms="274" status="PASS">
          <params>
            <param index="0">
              <value>
                <![CDATA[InvalidPassword]]>
              </value>
            </param>
            <param index="1">
              <value>
                <![CDATA[standard_user]]>
              </value>
            </param>
            <param index="2">
              <value>
                <![CDATA[demopass]]>
              </value>
            </param>
            <param index="3">
              <value>
                <![CDATA[Epic sadface: Username and password do not match any user in this service]]>
              </value>
            </param>
          </params>
          <reporter-output>
          </reporter-output>
        </test-method> <!-- verify_LoginCredentials -->
        <test-method signature="verify_LoginCredentials(java.lang.String,java.lang.String,java.lang.String,java.lang.String)[pri:0, instance:testCases.TC003_VerifyLoginFunctionality@94f6bfb]" started-at="2025-03-12T13:46:33 CET" name="verify_LoginCredentials" data-provider="Logindata" finished-at="2025-03-12T13:46:38 CET" duration-ms="5612" status="PASS">
          <params>
            <param index="0">
              <value>
                <![CDATA[Valid]]>
              </value>
            </param>
            <param index="1">
              <value>
                <![CDATA[performance_glitch_user]]>
              </value>
            </param>
            <param index="2">
              <value>
                <![CDATA[secret_sauce]]>
              </value>
            </param>
            <param index="3">
              <value>
                <![CDATA[https://www.saucedemo.com/inventory.html]]>
              </value>
            </param>
          </params>
          <reporter-output>
          </reporter-output>
        </test-method> <!-- verify_LoginCredentials -->
        <test-method signature="verify_LoginCredentials(java.lang.String,java.lang.String,java.lang.String,java.lang.String)[pri:0, instance:testCases.TC003_VerifyLoginFunctionality@94f6bfb]" started-at="2025-03-12T13:46:38 CET" name="verify_LoginCredentials" data-provider="Logindata" finished-at="2025-03-12T13:46:39 CET" duration-ms="469" status="FAIL">
          <params>
            <param index="0">
              <value>
                <![CDATA[BlankPassword]]>
              </value>
            </param>
            <param index="1">
              <value>
                <![CDATA[visual_user]]>
              </value>
            </param>
            <param index="2">
              <value>
                <![CDATA[]]>
              </value>
            </param>
            <param index="3">
              <value>
                <![CDATA[Epic sadface: Password is require]]>
              </value>
            </param>
          </params>
          <exception class="java.lang.AssertionError">
            <message>
              <![CDATA[expected [Epic sadface: Password is require] but found [Epic sadface: Password is required]]]>
            </message>
            <full-stacktrace>
              <![CDATA[java.lang.AssertionError: expected [Epic sadface: Password is require] but found [Epic sadface: Password is required]
at org.testng.Assert.fail(Assert.java:111)
at org.testng.Assert.failNotEquals(Assert.java:1578)
at org.testng.Assert.assertEqualsImpl(Assert.java:150)
at org.testng.Assert.assertEquals(Assert.java:132)
at org.testng.Assert.assertEquals(Assert.java:656)
at org.testng.Assert.assertEquals(Assert.java:666)
at testCases.TC003_VerifyLoginFunctionality.verify_LoginCredentials(TC003_VerifyLoginFunctionality.java:54)
at java.base/jdk.internal.reflect.NativeMethodAccessorImpl.invoke0(Native Method)
at java.base/jdk.internal.reflect.NativeMethodAccessorImpl.invoke(NativeMethodAccessorImpl.java:77)
at java.base/jdk.internal.reflect.DelegatingMethodAccessorImpl.invoke(DelegatingMethodAccessorImpl.java:43)
at java.base/java.lang.reflect.Method.invoke(Method.java:568)
at org.testng.internal.invokers.MethodInvocationHelper.invokeMethod(MethodInvocationHelper.java:141)
at org.testng.internal.invokers.TestInvoker.invokeMethod(TestInvoker.java:686)
at org.testng.internal.invokers.TestInvoker.invokeTestMethod(TestInvoker.java:230)
at org.testng.internal.invokers.MethodRunner.runInSequence(MethodRunner.java:63)
at org.testng.internal.invokers.TestInvoker$MethodInvocationAgent.invoke(TestInvoker.java:992)
at org.testng.internal.invokers.TestInvoker.invokeTestMethods(TestInvoker.java:203)
at org.testng.internal.invokers.TestMethodWorker.invokeTestMethods(TestMethodWorker.java:154)
at org.testng.internal.invokers.TestMethodWorker.run(TestMethodWorker.java:134)
at java.base/java.util.ArrayList.forEach(ArrayList.java:1511)
at org.testng.TestRunner.privateRun(TestRunner.java:739)
at org.testng.TestRunner.run(TestRunner.java:614)
at org.testng.SuiteRunner.runTest(SuiteRunner.java:421)
at org.testng.SuiteRunner.runSequentially(SuiteRunner.java:413)
at org.testng.SuiteRunner.privateRun(SuiteRunner.java:373)
at org.testng.SuiteRunner.run(SuiteRunner.java:312)
at org.testng.SuiteRunnerWorker.runSuite(SuiteRunnerWorker.java:52)
at org.testng.SuiteRunnerWorker.run(SuiteRunnerWorker.java:95)
at org.testng.TestNG.runSuitesSequentially(TestNG.java:1274)
at org.testng.TestNG.runSuitesLocally(TestNG.java:1208)
at org.testng.TestNG.runSuites(TestNG.java:1112)
at org.testng.TestNG.run(TestNG.java:1079)
at org.testng.remote.AbstractRemoteTestNG.run(AbstractRemoteTestNG.java:115)
at org.testng.remote.RemoteTestNG.initAndRun(RemoteTestNG.java:293)
at org.testng.remote.RemoteTestNG.main(RemoteTestNG.java:91)
]]>
            </full-stacktrace>
          </exception> <!-- java.lang.AssertionError -->
          <reporter-output>
          </reporter-output>
        </test-method> <!-- verify_LoginCredentials -->
        <test-method signature="verify_LoginCredentials(java.lang.String,java.lang.String,java.lang.String,java.lang.String)[pri:0, instance:testCases.TC003_VerifyLoginFunctionality@94f6bfb]" started-at="2025-03-12T13:46:39 CET" name="verify_LoginCredentials" data-provider="Logindata" finished-at="2025-03-12T13:46:40 CET" duration-ms="881" status="PASS">
          <params>
            <param index="0">
              <value>
                <![CDATA[Valid]]>
              </value>
            </param>
            <param index="1">
              <value>
                <![CDATA[error_user]]>
              </value>
            </param>
            <param index="2">
              <value>
                <![CDATA[secret_sauce]]>
              </value>
            </param>
            <param index="3">
              <value>
                <![CDATA[https://www.saucedemo.com/inventory.html]]>
              </value>
            </param>
          </params>
          <reporter-output>
          </reporter-output>
        </test-method> <!-- verify_LoginCredentials -->
        <test-method is-config="true" signature="tearDown()[pri:0, instance:testCases.TC003_VerifyLoginFunctionality@94f6bfb]" started-at="2025-03-12T13:46:40 CET" name="tearDown" finished-at="2025-03-12T13:46:42 CET" duration-ms="1931" status="PASS">
          <reporter-output>
          </reporter-output>
        </test-method> <!-- tearDown -->
      </class> <!-- testCases.TC003_VerifyLoginFunctionality -->
    </test> <!-- Test -->
  </suite> <!-- Suite -->
</testng-results>
